Document: ID=sample-english.txt (2 sentences, 14 tokens)

Sentence #1 (8 tokens):
President Barack Obama was born in Hawaii.

Tokens:
[Text=President CharacterOffsetBegin=0 CharacterOffsetEnd=9 PartOfSpeech=NNP Lemma=President NamedEntityTag=TITLE]
[Text=Barack CharacterOffsetBegin=10 CharacterOffsetEnd=16 PartOfSpeech=NNP Lemma=Barack NamedEntityTag=PERSON]
[Text=Obama CharacterOffsetBegin=17 CharacterOffsetEnd=22 PartOfSpeech=NNP Lemma=Obama NamedEntityTag=PERSON]
[Text=was CharacterOffsetBegin=23 CharacterOffsetEnd=26 PartOfSpeech=VBD Lemma=be NamedEntityTag=O]
[Text=born CharacterOffsetBegin=27 CharacterOffsetEnd=31 PartOfSpeech=VBN Lemma=bear NamedEntityTag=O]
[Text=in CharacterOffsetBegin=32 CharacterOffsetEnd=34 PartOfSpeech=IN Lemma=in NamedEntityTag=O]
[Text=Hawaii CharacterOffsetBegin=35 CharacterOffsetEnd=41 PartOfSpeech=NNP Lemma=Hawaii NamedEntityTag=STATE_OR_PROVINCE]
[Text=. CharacterOffsetBegin=41 CharacterOffsetEnd=42 PartOfSpeech=. Lemma=. NamedEntityTag=O]

Constituency parse: 
(ROOT
  (S
    (NP (NNP President) (NNP Barack) (NNP Obama))
    (VP (VBD was)
      (VP (VBN born)
        (PP (IN in)
          (NP (NNP Hawaii)))))
    (. .)))


Dependency Parse (enhanced plus plus dependencies):
root(ROOT-0, born-5)
compound(Obama-3, President-1)
compound(Obama-3, Barack-2)
nsubjpass(born-5, Obama-3)
auxpass(born-5, was-4)
case(Hawaii-7, in-6)
nmod:in(born-5, Hawaii-7)
punct(born-5, .-8)

Extracted the following NER entity mentions:
President	TITLE
Barack Obama	PERSON
Hawaii	STATE_OR_PROVINCE

Extracted the following Open IE triples:
1.0	President Barack Obama	was born in	Hawaii
1.0	Barack Obama	is	President
1.0	President Barack Obama	was	born

Sentence #2 (6 tokens):
He was elected in 2008.

Tokens:
[Text=He CharacterOffsetBegin=44 CharacterOffsetEnd=46 PartOfSpeech=PRP Lemma=he NamedEntityTag=O]
[Text=was CharacterOffsetBegin=47 CharacterOffsetEnd=50 PartOfSpeech=VBD Lemma=be NamedEntityTag=O]
[Text=elected CharacterOffsetBegin=51 CharacterOffsetEnd=58 PartOfSpeech=VBN Lemma=elect NamedEntityTag=O]
[Text=in CharacterOffsetBegin=59 CharacterOffsetEnd=61 PartOfSpeech=IN Lemma=in NamedEntityTag=O]
[Text=2008 CharacterOffsetBegin=62 CharacterOffsetEnd=66 PartOfSpeech=CD Lemma=2008 NamedEntityTag=DATE NormalizedNamedEntityTag=2008 Timex=<TIMEX3 tid="t1" type="DATE" value="2008">2008</TIMEX3>]
[Text=. CharacterOffsetBegin=66 CharacterOffsetEnd=67 PartOfSpeech=. Lemma=. NamedEntityTag=O]

Constituency parse: 
(ROOT
  (S
    (NP (PRP He))
    (VP (VBD was)
      (VP (VBN elected)
        (PP (IN in)
          (NP (CD 2008)))))
    (. .)))


Dependency Parse (enhanced plus plus dependencies):
root(ROOT-0, elected-3)
nsubjpass(elected-3, He-1)
auxpass(elected-3, was-2)
case(2008-5, in-4)
nmod:in(elected-3, 2008-5)
punct(elected-3, .-6)

Extracted the following NER entity mentions:
2008	DATE
He	PERSON

Extracted the following Open IE triples:
1.0	He	was	elected
1.0	He	was elected in	2008

Coreference set:
	(2,1,[1,2]) -> (1,3,[1,4]), that is: "He" -> "President Barack Obama"
